
> rest-express@1.0.0 build
> vite build && esbuild server/index.ts --platform=node --packages=external --bundle --format=esm --outdir=dist

vite v5.4.19 building for production...
transforming...
✓ 2985 modules transformed.
rendering chunks...
computing gzip size...
../dist/public/index.html                                              1.86 kB │ gzip:   0.68 kB
../dist/public/assets/CONSELHOS_20250521_110746_0000-xxK7xceS.png    837.44 kB
../dist/public/assets/conselhos-esotericos-1-03-DD8Zqc_F.png       2,288.11 kB
../dist/public/assets/index-Czyxo-SD.css                             157.80 kB │ gzip:  22.04 kB
../dist/public/assets/index-BdQq_4o_.js                                0.06 kB │ gzip:   0.08 kB
../dist/public/assets/index-DIHx-Rrh.js                                0.14 kB │ gzip:   0.14 kB
../dist/public/assets/index-CnjMzJ0A.js                                0.23 kB │ gzip:   0.21 kB
../dist/public/assets/index-7pPNIHLk.js                                0.23 kB │ gzip:   0.17 kB
../dist/public/assets/check-qnp9QBut.js                                0.29 kB │ gzip:   0.25 kB
../dist/public/assets/moon-DtEbSxhG.js                                 0.31 kB │ gzip:   0.25 kB
../dist/public/assets/filter-DOvnNWvl.js                               0.33 kB │ gzip:   0.26 kB
../dist/public/assets/arrow-left-XD6h1vp0.js                           0.33 kB │ gzip:   0.27 kB
../dist/public/assets/search-Dsh42Hm1.js                               0.34 kB │ gzip:   0.27 kB
../dist/public/assets/message-square-C2iSgf1H.js                       0.35 kB │ gzip:   0.27 kB
../dist/public/assets/clock-DHLrNnNR.js                                0.35 kB │ gzip:   0.27 kB
../dist/public/assets/circle-check-big-D_nhWVry.js                     0.36 kB │ gzip:   0.28 kB
../dist/public/assets/user-C7k7-5hY.js                                 0.37 kB │ gzip:   0.28 kB
../dist/public/assets/trending-up-CoVqSC7p.js                          0.37 kB │ gzip:   0.28 kB
../dist/public/assets/credit-card-D7LkPuci.js                          0.38 kB │ gzip:   0.29 kB
../dist/public/assets/lock-n0DrjkSB.js                                 0.38 kB │ gzip:   0.29 kB
../dist/public/assets/bell-D3CldCGD.js                                 0.38 kB │ gzip:   0.29 kB
../dist/public/assets/mail-CtcNEsd_.js                                 0.38 kB │ gzip:   0.30 kB
../dist/public/assets/dollar-sign-CQqrlFin.js                          0.39 kB │ gzip:   0.29 kB
../dist/public/assets/briefcase-BAevJrFY.js                            0.39 kB │ gzip:   0.30 kB
../dist/public/assets/activity-DF_1-yoL.js                             0.40 kB │ gzip:   0.30 kB
../dist/public/assets/circle-alert-DgJNPEf1.js                         0.42 kB │ gzip:   0.29 kB
../dist/public/assets/shopping-bag-5cCZ7K1y.js                         0.42 kB │ gzip:   0.30 kB
../dist/public/assets/chart-column-FPKw36qk.js                         0.42 kB │ gzip:   0.30 kB
../dist/public/assets/eye-DnDsVC3n.js                                  0.43 kB │ gzip:   0.31 kB
../dist/public/assets/log-out-Bu4AaeLd.js                              0.43 kB │ gzip:   0.32 kB
../dist/public/assets/zap-DGfZtIQa.js                                  0.43 kB │ gzip:   0.31 kB
../dist/public/assets/shield-DAz70lRk.js                               0.44 kB │ gzip:   0.33 kB
../dist/public/assets/award-kqP_5THw.js                                0.44 kB │ gzip:   0.33 kB
../dist/public/assets/coins-B6ZKDfyc.js                                0.45 kB │ gzip:   0.32 kB
../dist/public/assets/house-DS9nU6QH.js                                0.46 kB │ gzip:   0.32 kB
../dist/public/assets/send-DiigUWwM.js                                 0.46 kB │ gzip:   0.33 kB
../dist/public/assets/users-BycPUFVi.js                                0.47 kB │ gzip:   0.33 kB
../dist/public/assets/user-plus-DRxTCYbl.js                            0.48 kB │ gzip:   0.33 kB
../dist/public/assets/textarea-D-Cyg0dc.js                             0.48 kB │ gzip:   0.32 kB
../dist/public/assets/refresh-cw-D0MnhU11.js                           0.49 kB │ gzip:   0.32 kB
../dist/public/assets/share-2-BygY9nss.js                              0.53 kB │ gzip:   0.34 kB
../dist/public/assets/gift-CFYl97LF.js                                 0.53 kB │ gzip:   0.35 kB
../dist/public/assets/crown-DsGGqNP6.js                                0.53 kB │ gzip:   0.36 kB
../dist/public/assets/label-BTcEUPwd.js                                0.55 kB │ gzip:   0.38 kB
../dist/public/assets/package-Ca2UkId3.js                              0.56 kB │ gzip:   0.36 kB
../dist/public/assets/phone-DERh1bkF.js                                0.56 kB │ gzip:   0.36 kB
../dist/public/assets/eye-off-SPXiJs-h.js                              0.60 kB │ gzip:   0.37 kB
../dist/public/assets/sun-DsnDkulu.js                                  0.64 kB │ gzip:   0.36 kB
../dist/public/assets/index-CJDu3HLw.js                                0.79 kB │ gzip:   0.51 kB
../dist/public/assets/trash-2-Uyl-9JA8.js                              0.80 kB │ gzip:   0.39 kB
../dist/public/assets/settings-D3HyXwie.js                             0.89 kB │ gzip:   0.44 kB
../dist/public/assets/smile-fMMgcxyz.js                                1.16 kB │ gzip:   0.47 kB
../dist/public/assets/form-K52rUP3u.js                                 1.73 kB │ gzip:   0.75 kB
../dist/public/assets/useMutation-CU3Pp6Kq.js                          2.87 kB │ gzip:   1.21 kB
../dist/public/assets/index-CVOy4INR.js                                3.48 kB │ gzip:   1.63 kB
../dist/public/assets/checkbox-BlLZVumk.js                             3.90 kB │ gzip:   1.73 kB
../dist/public/assets/RegisterWithCPF-BL3gumrm.js                      4.39 kB │ gzip:   1.70 kB
../dist/public/assets/ConsultoresMediunidade-SJ-b1NEv.js               4.55 kB │ gzip:   1.63 kB
../dist/public/assets/ConsultoresAstrologia-BsiW5lAZ.js                4.56 kB │ gzip:   1.64 kB
../dist/public/assets/ConsultoresTerapeutas-BmtE9okN.js                4.87 kB │ gzip:   1.84 kB
../dist/public/assets/Cart-CLPTufQx.js                                 4.99 kB │ gzip:   1.71 kB
../dist/public/assets/NotFound-CDavBIe3.js                             5.07 kB │ gzip:   1.46 kB
../dist/public/assets/AccessTypeSelection-BMS_bakK.js                  5.28 kB │ gzip:   2.04 kB
../dist/public/assets/Chat-CuY7Ofcx.js                                 5.50 kB │ gzip:   1.97 kB
../dist/public/assets/AdminLogin-B4EbFO4I.js                           5.56 kB │ gzip:   2.01 kB
../dist/public/assets/LoginWithCPF-D9ZYr6-q.js                         5.86 kB │ gzip:   2.48 kB
../dist/public/assets/QuemSomos-DYW2vVrK.js                            6.05 kB │ gzip:   1.92 kB
../dist/public/assets/tabs-kt5nG3Qs.js                                 6.63 kB │ gzip:   2.65 kB
../dist/public/assets/CreditsDemo-CCrdaXj9.js                          6.74 kB │ gzip:   2.15 kB
../dist/public/assets/ComprarPlanos-C0gIt6Fh.js                        7.15 kB │ gzip:   2.35 kB
../dist/public/assets/DataManagement-CN4zKTz4.js                       7.22 kB │ gzip:   2.14 kB
../dist/public/assets/Blog-88MQhVyA.js                                 7.26 kB │ gzip:   2.13 kB
../dist/public/assets/dialog-B2QfbX41.js                               7.26 kB │ gzip:   2.69 kB
../dist/public/assets/Parceria-I3frDM3A.js                             7.54 kB │ gzip:   2.30 kB
../dist/public/assets/ConsultoresEspecialistas-B6brXIHN.js             7.57 kB │ gzip:   2.55 kB
../dist/public/assets/Contact-CAYnnTHZ.js                              8.03 kB │ gzip:   2.82 kB
../dist/public/assets/ComprarPacotes-BX4fPTg8.js                       8.03 kB │ gzip:   2.63 kB
../dist/public/assets/ServicosTarot-iWI_Awjc.js                        8.12 kB │ gzip:   2.51 kB
../dist/public/assets/ComprarConsultas-DJUutRVq.js                     8.26 kB │ gzip:   2.92 kB
../dist/public/assets/ServicosRunas-BblWh1Pp.js                        8.38 kB │ gzip:   2.60 kB
../dist/public/assets/ComprarCreditos-GKHEtdqH.js                      8.39 kB │ gzip:   2.91 kB
../dist/public/assets/Login-DuSerh5Q.js                                8.72 kB │ gzip:   3.00 kB
../dist/public/assets/ConsultoresEnhanced-CzyjMQ2k.js                  8.77 kB │ gzip:   2.55 kB
../dist/public/assets/ChatRoom-CK8zGHl5.js                             8.79 kB │ gzip:   3.06 kB
../dist/public/assets/ClientDashboardComplete-Btqagmv0.js              9.33 kB │ gzip:   2.48 kB
../dist/public/assets/Testimonials-Btd8-6Tn.js                         9.50 kB │ gzip:   3.17 kB
../dist/public/assets/BlogPost-XGACuQAx.js                             9.51 kB │ gzip:   3.57 kB
../dist/public/assets/ConsultoresFixed-CzPd7R_3.js                     9.56 kB │ gzip:   2.92 kB
../dist/public/assets/CadastroCliente-B9iTEtdG.js                      9.71 kB │ gzip:   3.18 kB
../dist/public/assets/ConsultoresClean-DCvc-3hq.js                     9.77 kB │ gzip:   3.17 kB
../dist/public/assets/ComprarAssinaturas-BPT28JA7.js                   9.94 kB │ gzip:   3.09 kB
../dist/public/assets/ServicosMediunidade-DjDUoz7Z.js                  9.94 kB │ gzip:   2.87 kB
../dist/public/assets/ServicosOraculos-D9wMxNGk.js                    10.81 kB │ gzip:   3.12 kB
../dist/public/assets/ConsultasOnline-BDj00HhR.js                     11.14 kB │ gzip:   3.32 kB
../dist/public/assets/FreeTarot-DdR90njI.js                           11.14 kB │ gzip:   3.52 kB
../dist/public/assets/ConsultoresTarot-BuqNb9m5.js                    11.36 kB │ gzip:   3.20 kB
../dist/public/assets/Promotions-D4fTyGUh.js                          11.36 kB │ gzip:   3.67 kB
../dist/public/assets/Newsletter-DtSwfpJC.js                          11.41 kB │ gzip:   3.47 kB
../dist/public/assets/ServicosReiki-L16mdO5B.js                       11.53 kB │ gzip:   3.55 kB
../dist/public/assets/AgendarConsulta-BjKR8O68.js                     11.59 kB │ gzip:   3.40 kB
../dist/public/assets/ReportsAnalytics-CljFbIP7.js                    11.60 kB │ gzip:   3.10 kB
../dist/public/assets/ReviewSystem-l7ebety1.js                        11.72 kB │ gzip:   3.67 kB
../dist/public/assets/PixPaymentTest-Bzx_ztpm.js                      11.72 kB │ gzip:   3.93 kB
../dist/public/assets/ComoSerConsultor-BPKyru9Z.js                    11.83 kB │ gzip:   3.48 kB
../dist/public/assets/CadastroConsultor-CDJKlNVX.js                   11.92 kB │ gzip:   3.47 kB
../dist/public/assets/ClientDashboard-CxpAEQG2.js                     12.00 kB │ gzip:   3.12 kB
../dist/public/assets/ConsultorConfig-CRLZ2HId.js                     12.02 kB │ gzip:   3.83 kB
../dist/public/assets/ServicosAstrologia-DLO3GRvq.js                  12.13 kB │ gzip:   3.58 kB
../dist/public/assets/ServicosCristaloterapia-DtrDkvPW.js             12.42 kB │ gzip:   3.68 kB
../dist/public/assets/Register-CrA4MiAX.js                            12.57 kB │ gzip:   3.31 kB
../dist/public/assets/TarotGratis-WoGzYycn.js                         12.57 kB │ gzip:   4.23 kB
../dist/public/assets/ServicosNumerologia-BdF-wOjg.js                 12.60 kB │ gzip:   3.56 kB
../dist/public/assets/Shop-CjG3hene.js                                12.71 kB │ gzip:   3.99 kB
../dist/public/assets/ConsultantDashboard-DwycSits.js                 16.59 kB │ gzip:   3.68 kB
../dist/public/assets/ConsultationSystem-BsMQRurQ.js                  16.61 kB │ gzip:   4.56 kB
../dist/public/assets/ConsultantProfile-KDbPPNLu.js                   18.92 kB │ gzip:   5.29 kB
../dist/public/assets/Checkout-DfRYQP1i.js                            20.44 kB │ gzip:   7.25 kB
../dist/public/assets/ConsultationRoom-Dco7nJ_E.js                    22.49 kB │ gzip:   7.01 kB
../dist/public/assets/select-BW4qCBjc.js                              38.11 kB │ gzip:  13.28 kB
../dist/public/assets/AdminDashboardWorking-C4Xfy4Jc.js               49.09 kB │ gzip:   7.44 kB
../dist/public/assets/types-BPTsimUd.js                               80.69 kB │ gzip:  22.08 kB
../dist/public/assets/Dashboard-D7R10Fix.js                          390.58 kB │ gzip: 106.45 kB
../dist/public/assets/index-C0BgnIH-.js                              467.72 kB │ gzip: 146.97 kB
✓ built in 21.27s

  dist/index.js  111.1kb

⚡ Done in 100ms
npm notice
npm notice New major version of npm available! 10.8.2 -> 11.4.2
npm notice Changelog: https://github.com/npm/cli/releases/tag/v11.4.2
npm notice To update run: npm install -g npm@11.4.2
npm notice
